<?xml version="1.0" encoding="UTF-8"?>
<!-- Generated by org.testng.reporters.JUnitReportReporter -->
<testsuite hostname="DESKTOP-1EEEL16" failures="0" tests="2" name="TestCases.MyFirstTestCaseFW" time="18.196" errors="0" timestamp="2023-06-19T14:02:46 BST" skipped="0">
  <testcase classname="TestCases.MyFirstTestCaseFW" name="LoginTest" time="8.181"/>
  <system-out/>
  <testcase classname="TestCases.MyFirstTestCaseFW" name="LoginTest" time="10.015"/>
  <system-out/>
</testsuite> <!-- TestCases.MyFirstTestCaseFW -->
