<?xml version="1.0" encoding="UTF-8"?>
<!-- Generated by org.testng.reporters.JUnitReportReporter -->
<testsuite hostname="DESKTOP-KPR0CE5" failures="0" tests="2" name="TestCases.MyFirstTestCaseFW" time="40.748" errors="0" timestamp="2023-05-12T20:05:41 BST" skipped="0">
  <testcase classname="TestCases.MyFirstTestCaseFW" name="LoginTest" time="26.051"/>
  <system-out/>
  <testcase classname="TestCases.MyFirstTestCaseFW" name="LoginTest" time="14.697"/>
  <system-out/>
</testsuite> <!-- TestCases.MyFirstTestCaseFW -->
